[debug] [2020-12-17T00:24:15.379Z] ----------------------------------------------------------------------
[debug] [2020-12-17T00:24:15.385Z] Command:       C:\Program Files\nodejs\node.exe C:\Users\ELIJAH EDUN\AppData\Roaming\npm\node_modules\firebase-tools\lib\bin\firebase.js emulators:start
[debug] [2020-12-17T00:24:15.385Z] CLI Version:   8.19.0
[debug] [2020-12-17T00:24:15.386Z] Platform:      win32
[debug] [2020-12-17T00:24:15.386Z] Node Version:  v12.18.3
[debug] [2020-12-17T00:24:15.415Z] Time:          Thu Dec 17 2020 01:24:15 GMT+0100 (West Africa Standard Time)
[debug] [2020-12-17T00:24:15.415Z] ----------------------------------------------------------------------
[debug] [2020-12-17T00:24:15.415Z] 
[debug] [2020-12-17T00:24:15.443Z] >>> [apiv2][query] GET https://firebase-public.firebaseio.com/cli.json [none]
[debug] [2020-12-17T00:24:15.601Z] > command requires scopes: ["email","openid","https://www.googleapis.com/auth/cloudplatformprojects.readonly","https://www.googleapis.com/auth/firebase","https://www.googleapis.com/auth/cloud-platform"]
[debug] [2020-12-17T00:24:15.602Z] > authorizing via signed-in user
[info] i  emulators: Starting emulators: functions, hosting {"metadata":{"emulator":{"name":"hub"},"message":"Starting emulators: functions, hosting"}}
[debug] [2020-12-17T00:24:17.317Z] <<< [apiv2][status] GET https://firebase-public.firebaseio.com/cli.json 200
[debug] [2020-12-17T00:24:17.318Z] <<< [apiv2][body] GET https://firebase-public.firebaseio.com/cli.json {"cloudBuildErrorAfter":1594252800000,"cloudBuildWarnAfter":1590019200000,"defaultNode10After":1594252800000,"minVersion":"3.0.5","node8DeploysDisabledAfter":1613390400000,"node8RuntimeDisabledAfter":1615809600000,"node8WarnAfter":1600128000000}
[warn] !  emulators: It seems that you are running multiple instances of the emulator suite for project clone-d223e. This may result in unexpected behavior. 
[debug] [2020-12-17T00:24:17.720Z] [hub] writing locator at C:\Users\ELIJAH~1\AppData\Local\Temp\hub-clone-d223e.json
[warn] !  functions: The following emulators are not running, calls to these services from the Functions emulator will affect production: auth, firestore, database, pubsub {"metadata":{"emulator":{"name":"functions"},"message":"The following emulators are not running, calls to these services from the Functions emulator will affect production: \u001b[1mauth, firestore, database, pubsub\u001b[22m"}}
[info] +  functions: Using node@12 from host. {"metadata":{"emulator":{"name":"functions"},"message":"Using node@12 from host."}}
[debug] [2020-12-17T00:24:19.866Z] defaultcredentials: writing to file C:\Users\ELIJAH EDUN\AppData\Roaming\firebase\edunelijah18_gmail_com_application_default_credentials.json
[debug] [2020-12-17T00:24:19.877Z] Setting GAC to C:\Users\ELIJAH EDUN\AppData\Roaming\firebase\edunelijah18_gmail_com_application_default_credentials.json {"metadata":{"emulator":{"name":"functions"},"message":"Setting GAC to C:\\Users\\ELIJAH EDUN\\AppData\\Roaming\\firebase\\edunelijah18_gmail_com_application_default_credentials.json"}}
[debug] [2020-12-17T00:24:21.922Z] > refreshing access token with scopes: ["email","https://www.googleapis.com/auth/cloud-platform","https://www.googleapis.com/auth/cloudplatformprojects.readonly","https://www.googleapis.com/auth/firebase","openid"]
[debug] [2020-12-17T00:24:21.924Z] >>> HTTP REQUEST POST https://www.googleapis.com/oauth2/v3/token  
 <request body omitted>
[debug] [2020-12-17T00:24:22.538Z] <<< HTTP RESPONSE 200 {"date":"Thu, 17 Dec 2020 00:24:22 GMT","expires":"Mon, 01 Jan 1990 00:00:00 GMT","cache-control":"no-cache, no-store, max-age=0, must-revalidate","pragma":"no-cache","content-type":"application/json; charset=utf-8","vary":"X-Origin, Referer, Origin,Accept-Encoding","server":"scaffolding on HTTPServer2","x-xss-protection":"0","x-frame-options":"SAMEORIGIN","x-content-type-options":"nosniff","alt-svc":"h3-29=\":443\"; ma=2592000,h3-T051=\":443\"; ma=2592000,h3-Q050=\":443\"; ma=2592000,h3-Q046=\":443\"; ma=2592000,h3-Q043=\":443\"; ma=2592000,quic=\":443\"; ma=2592000; v=\"46,43\"","accept-ranges":"none","transfer-encoding":"chunked"}
[debug] [2020-12-17T00:24:22.577Z] >>> HTTP REQUEST GET https://firebase.googleapis.com/v1beta1/projects/clone-d223e/webApps/-/config  
 
[debug] [2020-12-17T00:24:24.028Z] <<< HTTP RESPONSE 200 {"content-type":"application/json; charset=UTF-8","vary":"X-Origin, Referer, Origin,Accept-Encoding","date":"Thu, 17 Dec 2020 00:24:24 GMT","server":"ESF","cache-control":"private","x-xss-protection":"0","x-frame-options":"SAMEORIGIN","x-content-type-options":"nosniff","alt-svc":"h3-29=\":443\"; ma=2592000,h3-T051=\":443\"; ma=2592000,h3-Q050=\":443\"; ma=2592000,h3-Q046=\":443\"; ma=2592000,h3-Q043=\":443\"; ma=2592000,quic=\":443\"; ma=2592000; v=\"46,43\"","accept-ranges":"none","transfer-encoding":"chunked"}
[info] i  hosting: Serving hosting files from: build {"metadata":{"emulator":{"name":"hosting"},"message":"Serving hosting files from: \u001b[1mbuild\u001b[22m"}}
[info] +  hosting: Local server: http://localhost:5000 {"metadata":{"emulator":{"name":"hosting"},"message":"Local server: \u001b[4m\u001b[1mhttp://localhost:5000\u001b[22m\u001b[24m"}}
[warn] !  ui: Emulator UI unable to start on port 4000, starting on 4001 instead. {"metadata":{"emulator":{"name":"ui"},"message":"Emulator UI unable to start on port 4000, starting on 4001 instead."}}
[debug] [2020-12-17T00:24:26.548Z] Ignoring unsupported arg: auto_download {"metadata":{"emulator":{"name":"ui"},"message":"Ignoring unsupported arg: auto_download"}}
[debug] [2020-12-17T00:24:26.548Z] Ignoring unsupported arg: port {"metadata":{"emulator":{"name":"ui"},"message":"Ignoring unsupported arg: port"}}
[debug] [2020-12-17T00:24:26.548Z] Starting Emulator UI with command {"binary":"node","args":["C:\\Users\\ELIJAH EDUN\\.cache\\firebase\\emulators\\ui-v1.3.0\\server.bundle.js"],"optionalArgs":[],"joinArgs":false} {"metadata":{"emulator":{"name":"ui"},"message":"Starting Emulator UI with command {\"binary\":\"node\",\"args\":[\"C:\\\\Users\\\\ELIJAH EDUN\\\\.cache\\\\firebase\\\\emulators\\\\ui-v1.3.0\\\\server.bundle.js\"],\"optionalArgs\":[],\"joinArgs\":false}"}}
[info] i  ui: Emulator UI logging to ui-debug.log {"metadata":{"emulator":{"name":"ui"},"message":"Emulator UI logging to \u001b[1mui-debug.log\u001b[22m"}}
[debug] [2020-12-17T00:24:26.866Z] Web / API server started at http://localhost:4001
 {"metadata":{"emulator":{"name":"ui"},"message":"Web / API server started at http://localhost:4001\n"}}
[info] i  functions: Watching "C:\Users\ELIJAH EDUN\Desktop\Amazon Clone\amazon-clone\functions" for Cloud Functions... {"metadata":{"emulator":{"name":"functions"},"message":"Watching \"C:\\Users\\ELIJAH EDUN\\Desktop\\Amazon Clone\\amazon-clone\\functions\" for Cloud Functions..."}}
[debug] [2020-12-17T00:24:27.229Z] [worker-pool] addWorker(~diagnostic~) {"metadata":{"emulator":{"name":"functions"},"message":"[worker-pool] addWorker(~diagnostic~)"}}
[debug] [2020-12-17T00:24:27.230Z] [worker-pool] Adding worker with key ~diagnostic~, total=1 {"metadata":{"emulator":{"name":"functions"},"message":"[worker-pool] Adding worker with key ~diagnostic~, total=1"}}
[debug] [2020-12-17T00:24:27.231Z] [worker-pool] submitWork(triggerId=) {"metadata":{"emulator":{"name":"functions"},"message":"[worker-pool] submitWork(triggerId=)"}}
[debug] [2020-12-17T00:24:27.232Z] [worker-~diagnostic~-2b00d31d-f6c2-41c0-886b-19de26e4306c]: Assigning socketPath: \\?\pipe\C:\Users\ELIJAH EDUN\Desktop\Amazon Clone\amazon-clone\functions\10744 {"metadata":{"emulator":{"name":"functions"},"message":"[worker-~diagnostic~-2b00d31d-f6c2-41c0-886b-19de26e4306c]: Assigning socketPath: \\\\?\\pipe\\C:\\Users\\ELIJAH EDUN\\Desktop\\Amazon Clone\\amazon-clone\\functions\\10744"}}
[debug] [2020-12-17T00:24:27.233Z] [worker-~diagnostic~-2b00d31d-f6c2-41c0-886b-19de26e4306c]: BUSY {"metadata":{"emulator":{"name":"functions"},"message":"[worker-~diagnostic~-2b00d31d-f6c2-41c0-886b-19de26e4306c]: BUSY"}}
[debug] [2020-12-17T00:24:27.606Z] [runtime-status] [10744] Functions runtime initialized. {"cwd":"C:\\Users\\ELIJAH EDUN\\Desktop\\Amazon Clone\\amazon-clone\\functions","node_version":"12.18.3"} {"metadata":{"emulator":{"name":"functions"},"message":"[runtime-status] [10744] Functions runtime initialized. {\"cwd\":\"C:\\\\Users\\\\ELIJAH EDUN\\\\Desktop\\\\Amazon Clone\\\\amazon-clone\\\\functions\",\"node_version\":\"12.18.3\"}"}}
[debug] [2020-12-17T00:24:27.607Z] [runtime-status] [10744] Disabled runtime features: undefined {"metadata":{"emulator":{"name":"functions"},"message":"[runtime-status] [10744] Disabled runtime features: undefined"}}
[debug] [2020-12-17T00:24:27.718Z] [runtime-status] [10744] Resolved module firebase-admin {"declared":true,"installed":true,"version":"9.4.1","resolution":"C:\\Users\\ELIJAH EDUN\\Desktop\\Amazon Clone\\amazon-clone\\functions\\node_modules\\firebase-admin\\lib\\index.js"} {"metadata":{"emulator":{"name":"functions"},"message":"[runtime-status] [10744] Resolved module firebase-admin {\"declared\":true,\"installed\":true,\"version\":\"9.4.1\",\"resolution\":\"C:\\\\Users\\\\ELIJAH EDUN\\\\Desktop\\\\Amazon Clone\\\\amazon-clone\\\\functions\\\\node_modules\\\\firebase-admin\\\\lib\\\\index.js\"}"}}
[debug] [2020-12-17T00:24:28.065Z] [runtime-status] [10744] Resolved module firebase-functions {"declared":true,"installed":true,"version":"3.13.0","resolution":"C:\\Users\\ELIJAH EDUN\\Desktop\\Amazon Clone\\amazon-clone\\functions\\node_modules\\firebase-functions\\lib\\index.js"} {"metadata":{"emulator":{"name":"functions"},"message":"[runtime-status] [10744] Resolved module firebase-functions {\"declared\":true,\"installed\":true,\"version\":\"3.13.0\",\"resolution\":\"C:\\\\Users\\\\ELIJAH EDUN\\\\Desktop\\\\Amazon Clone\\\\amazon-clone\\\\functions\\\\node_modules\\\\firebase-functions\\\\lib\\\\index.js\"}"}}
[debug] [2020-12-17T00:24:28.068Z] [runtime-status] [10744] Resolved module firebase-functions {"declared":true,"installed":true,"version":"3.13.0","resolution":"C:\\Users\\ELIJAH EDUN\\Desktop\\Amazon Clone\\amazon-clone\\functions\\node_modules\\firebase-functions\\lib\\index.js"} {"metadata":{"emulator":{"name":"functions"},"message":"[runtime-status] [10744] Resolved module firebase-functions {\"declared\":true,\"installed\":true,\"version\":\"3.13.0\",\"resolution\":\"C:\\\\Users\\\\ELIJAH EDUN\\\\Desktop\\\\Amazon Clone\\\\amazon-clone\\\\functions\\\\node_modules\\\\firebase-functions\\\\lib\\\\index.js\"}"}}
[debug] [2020-12-17T00:24:28.072Z] [runtime-status] [10744] Outgoing network have been stubbed. [{"name":"http","status":"mocked"},{"name":"http","status":"mocked"},{"name":"https","status":"mocked"},{"name":"https","status":"mocked"},{"name":"net","status":"mocked"}] {"metadata":{"emulator":{"name":"functions"},"message":"[runtime-status] [10744] Outgoing network have been stubbed. [{\"name\":\"http\",\"status\":\"mocked\"},{\"name\":\"http\",\"status\":\"mocked\"},{\"name\":\"https\",\"status\":\"mocked\"},{\"name\":\"https\",\"status\":\"mocked\"},{\"name\":\"net\",\"status\":\"mocked\"}]"}}
[debug] [2020-12-17T00:24:28.073Z] [runtime-status] [10744] Resolved module firebase-functions {"declared":true,"installed":true,"version":"3.13.0","resolution":"C:\\Users\\ELIJAH EDUN\\Desktop\\Amazon Clone\\amazon-clone\\functions\\node_modules\\firebase-functions\\lib\\index.js"} {"metadata":{"emulator":{"name":"functions"},"message":"[runtime-status] [10744] Resolved module firebase-functions {\"declared\":true,\"installed\":true,\"version\":\"3.13.0\",\"resolution\":\"C:\\\\Users\\\\ELIJAH EDUN\\\\Desktop\\\\Amazon Clone\\\\amazon-clone\\\\functions\\\\node_modules\\\\firebase-functions\\\\lib\\\\index.js\"}"}}
[debug] [2020-12-17T00:24:29.298Z] [runtime-status] [10744] Checked functions.config() {"config":{}} {"metadata":{"emulator":{"name":"functions"},"message":"[runtime-status] [10744] Checked functions.config() {\"config\":{}}"}}
[debug] [2020-12-17T00:24:29.299Z] [runtime-status] [10744] firebase-functions has been stubbed. {"functionsResolution":{"declared":true,"installed":true,"version":"3.13.0","resolution":"C:\\Users\\ELIJAH EDUN\\Desktop\\Amazon Clone\\amazon-clone\\functions\\node_modules\\firebase-functions\\lib\\index.js"}} {"metadata":{"emulator":{"name":"functions"},"message":"[runtime-status] [10744] firebase-functions has been stubbed. {\"functionsResolution\":{\"declared\":true,\"installed\":true,\"version\":\"3.13.0\",\"resolution\":\"C:\\\\Users\\\\ELIJAH EDUN\\\\Desktop\\\\Amazon Clone\\\\amazon-clone\\\\functions\\\\node_modules\\\\firebase-functions\\\\lib\\\\index.js\"}}"}}
[debug] [2020-12-17T00:24:29.301Z] [runtime-status] [10744] Resolved module firebase-functions {"declared":true,"installed":true,"version":"3.13.0","resolution":"C:\\Users\\ELIJAH EDUN\\Desktop\\Amazon Clone\\amazon-clone\\functions\\node_modules\\firebase-functions\\lib\\index.js"} {"metadata":{"emulator":{"name":"functions"},"message":"[runtime-status] [10744] Resolved module firebase-functions {\"declared\":true,\"installed\":true,\"version\":\"3.13.0\",\"resolution\":\"C:\\\\Users\\\\ELIJAH EDUN\\\\Desktop\\\\Amazon Clone\\\\amazon-clone\\\\functions\\\\node_modules\\\\firebase-functions\\\\lib\\\\index.js\"}"}}
[debug] [2020-12-17T00:24:29.305Z] [runtime-status] [10744] Resolved module firebase-admin {"declared":true,"installed":true,"version":"9.4.1","resolution":"C:\\Users\\ELIJAH EDUN\\Desktop\\Amazon Clone\\amazon-clone\\functions\\node_modules\\firebase-admin\\lib\\index.js"} {"metadata":{"emulator":{"name":"functions"},"message":"[runtime-status] [10744] Resolved module firebase-admin {\"declared\":true,\"installed\":true,\"version\":\"9.4.1\",\"resolution\":\"C:\\\\Users\\\\ELIJAH EDUN\\\\Desktop\\\\Amazon Clone\\\\amazon-clone\\\\functions\\\\node_modules\\\\firebase-admin\\\\lib\\\\index.js\"}"}}
[debug] [2020-12-17T00:24:29.306Z] [runtime-status] [10744] Resolved module firebase-functions {"declared":true,"installed":true,"version":"3.13.0","resolution":"C:\\Users\\ELIJAH EDUN\\Desktop\\Amazon Clone\\amazon-clone\\functions\\node_modules\\firebase-functions\\lib\\index.js"} {"metadata":{"emulator":{"name":"functions"},"message":"[runtime-status] [10744] Resolved module firebase-functions {\"declared\":true,\"installed\":true,\"version\":\"3.13.0\",\"resolution\":\"C:\\\\Users\\\\ELIJAH EDUN\\\\Desktop\\\\Amazon Clone\\\\amazon-clone\\\\functions\\\\node_modules\\\\firebase-functions\\\\lib\\\\index.js\"}"}}
[debug] [2020-12-17T00:24:29.307Z] [runtime-status] [10744] firebase-admin has been stubbed. {"adminResolution":{"declared":true,"installed":true,"version":"9.4.1","resolution":"C:\\Users\\ELIJAH EDUN\\Desktop\\Amazon Clone\\amazon-clone\\functions\\node_modules\\firebase-admin\\lib\\index.js"}} {"metadata":{"emulator":{"name":"functions"},"message":"[runtime-status] [10744] firebase-admin has been stubbed. {\"adminResolution\":{\"declared\":true,\"installed\":true,\"version\":\"9.4.1\",\"resolution\":\"C:\\\\Users\\\\ELIJAH EDUN\\\\Desktop\\\\Amazon Clone\\\\amazon-clone\\\\functions\\\\node_modules\\\\firebase-admin\\\\lib\\\\index.js\"}}"}}
[info] +  functions[api]: http function initialized (http://localhost:5001/clone-d223e/us-central1/api). {"metadata":{"emulator":{"name":"functions"},"message":"\u001b[1mhttp\u001b[22m function initialized (http://localhost:5001/clone-d223e/us-central1/api)."}}
[info] 
┌────────────────────────────────────────────────────────────────┐
│ ✔  All emulators ready! View status and logs at localhost:4001 │
└────────────────────────────────────────────────────────────────┘

┌───────────┬────────────────┬──────────────────────────┐
│ Emulator  │ Host:Port      │ View in Emulator UI      │
├───────────┼────────────────┼──────────────────────────┤
│ Functions │ localhost:5001 │ localhost:4001/functions │
├───────────┼────────────────┼──────────────────────────┤
│ Hosting   │ localhost:5000 │ n/a                      │
└───────────┴────────────────┴──────────────────────────┘
  Other reserved ports: 4400, 4500

Issues? Report them at https://github.com/firebase/firebase-tools/issues and attach the *-debug.log files.
 
[debug] [2020-12-17T00:24:35.270Z] [worker-~diagnostic~-2b00d31d-f6c2-41c0-886b-19de26e4306c]: IDLE {"metadata":{"emulator":{"name":"functions"},"message":"[worker-~diagnostic~-2b00d31d-f6c2-41c0-886b-19de26e4306c]: IDLE"}}
[debug] [2020-12-17T00:24:57.423Z] [work-queue] {"queueLength":1,"workRunningCount":0}
[debug] [2020-12-17T00:24:57.424Z] [work-queue] {"queueLength":0,"workRunningCount":1}
[debug] [2020-12-17T00:24:57.425Z] Accepted request GET /clone-d223e/us-central1/api --> api
[debug] [2020-12-17T00:24:57.465Z] [worker-pool] addWorker(api) {"metadata":{"emulator":{"name":"functions"},"message":"[worker-pool] addWorker(api)"}}
[debug] [2020-12-17T00:24:57.466Z] [worker-pool] Adding worker with key api, total=1 {"metadata":{"emulator":{"name":"functions"},"message":"[worker-pool] Adding worker with key api, total=1"}}
[debug] [2020-12-17T00:24:57.467Z] [worker-pool] submitWork(triggerId=api) {"metadata":{"emulator":{"name":"functions"},"message":"[worker-pool] submitWork(triggerId=api)"}}
[debug] [2020-12-17T00:24:57.467Z] [worker-api-255cc58c-4b68-4dbd-bdfd-ca7e4f4763eb]: Assigning socketPath: \\?\pipe\C:\Users\ELIJAH EDUN\Desktop\Amazon Clone\amazon-clone\functions\14976 {"metadata":{"emulator":{"name":"functions"},"message":"[worker-api-255cc58c-4b68-4dbd-bdfd-ca7e4f4763eb]: Assigning socketPath: \\\\?\\pipe\\C:\\Users\\ELIJAH EDUN\\Desktop\\Amazon Clone\\amazon-clone\\functions\\14976"}}
[debug] [2020-12-17T00:24:57.468Z] [worker-api-255cc58c-4b68-4dbd-bdfd-ca7e4f4763eb]: BUSY {"metadata":{"emulator":{"name":"functions"},"message":"[worker-api-255cc58c-4b68-4dbd-bdfd-ca7e4f4763eb]: BUSY"}}
[debug] [2020-12-17T00:24:57.762Z] [runtime-status] [14976] Functions runtime initialized. {"cwd":"C:\\Users\\ELIJAH EDUN\\Desktop\\Amazon Clone\\amazon-clone\\functions","node_version":"12.18.3"} {"metadata":{"emulator":{"name":"functions"},"function":{"name":"api"},"message":"[runtime-status] [14976] Functions runtime initialized. {\"cwd\":\"C:\\\\Users\\\\ELIJAH EDUN\\\\Desktop\\\\Amazon Clone\\\\amazon-clone\\\\functions\",\"node_version\":\"12.18.3\"}"}}
[debug] [2020-12-17T00:24:57.764Z] [runtime-status] [14976] Disabled runtime features: undefined {"metadata":{"emulator":{"name":"functions"},"function":{"name":"api"},"message":"[runtime-status] [14976] Disabled runtime features: undefined"}}
[debug] [2020-12-17T00:24:57.770Z] [runtime-status] [14976] Resolved module firebase-admin {"declared":true,"installed":true,"version":"9.4.1","resolution":"C:\\Users\\ELIJAH EDUN\\Desktop\\Amazon Clone\\amazon-clone\\functions\\node_modules\\firebase-admin\\lib\\index.js"} {"metadata":{"emulator":{"name":"functions"},"function":{"name":"api"},"message":"[runtime-status] [14976] Resolved module firebase-admin {\"declared\":true,\"installed\":true,\"version\":\"9.4.1\",\"resolution\":\"C:\\\\Users\\\\ELIJAH EDUN\\\\Desktop\\\\Amazon Clone\\\\amazon-clone\\\\functions\\\\node_modules\\\\firebase-admin\\\\lib\\\\index.js\"}"}}
[debug] [2020-12-17T00:24:57.774Z] [runtime-status] [14976] Resolved module firebase-functions {"declared":true,"installed":true,"version":"3.13.0","resolution":"C:\\Users\\ELIJAH EDUN\\Desktop\\Amazon Clone\\amazon-clone\\functions\\node_modules\\firebase-functions\\lib\\index.js"} {"metadata":{"emulator":{"name":"functions"},"function":{"name":"api"},"message":"[runtime-status] [14976] Resolved module firebase-functions {\"declared\":true,\"installed\":true,\"version\":\"3.13.0\",\"resolution\":\"C:\\\\Users\\\\ELIJAH EDUN\\\\Desktop\\\\Amazon Clone\\\\amazon-clone\\\\functions\\\\node_modules\\\\firebase-functions\\\\lib\\\\index.js\"}"}}
[debug] [2020-12-17T00:24:57.776Z] [runtime-status] [14976] Resolved module firebase-functions {"declared":true,"installed":true,"version":"3.13.0","resolution":"C:\\Users\\ELIJAH EDUN\\Desktop\\Amazon Clone\\amazon-clone\\functions\\node_modules\\firebase-functions\\lib\\index.js"} {"metadata":{"emulator":{"name":"functions"},"function":{"name":"api"},"message":"[runtime-status] [14976] Resolved module firebase-functions {\"declared\":true,\"installed\":true,\"version\":\"3.13.0\",\"resolution\":\"C:\\\\Users\\\\ELIJAH EDUN\\\\Desktop\\\\Amazon Clone\\\\amazon-clone\\\\functions\\\\node_modules\\\\firebase-functions\\\\lib\\\\index.js\"}"}}
[debug] [2020-12-17T00:24:57.778Z] [runtime-status] [14976] Outgoing network have been stubbed. [{"name":"http","status":"mocked"},{"name":"http","status":"mocked"},{"name":"https","status":"mocked"},{"name":"https","status":"mocked"},{"name":"net","status":"mocked"}] {"metadata":{"emulator":{"name":"functions"},"function":{"name":"api"},"message":"[runtime-status] [14976] Outgoing network have been stubbed. [{\"name\":\"http\",\"status\":\"mocked\"},{\"name\":\"http\",\"status\":\"mocked\"},{\"name\":\"https\",\"status\":\"mocked\"},{\"name\":\"https\",\"status\":\"mocked\"},{\"name\":\"net\",\"status\":\"mocked\"}]"}}
[debug] [2020-12-17T00:24:57.779Z] [runtime-status] [14976] Resolved module firebase-functions {"declared":true,"installed":true,"version":"3.13.0","resolution":"C:\\Users\\ELIJAH EDUN\\Desktop\\Amazon Clone\\amazon-clone\\functions\\node_modules\\firebase-functions\\lib\\index.js"} {"metadata":{"emulator":{"name":"functions"},"function":{"name":"api"},"message":"[runtime-status] [14976] Resolved module firebase-functions {\"declared\":true,\"installed\":true,\"version\":\"3.13.0\",\"resolution\":\"C:\\\\Users\\\\ELIJAH EDUN\\\\Desktop\\\\Amazon Clone\\\\amazon-clone\\\\functions\\\\node_modules\\\\firebase-functions\\\\lib\\\\index.js\"}"}}
[debug] [2020-12-17T00:24:57.846Z] [runtime-status] [14976] Checked functions.config() {"config":{}} {"metadata":{"emulator":{"name":"functions"},"function":{"name":"api"},"message":"[runtime-status] [14976] Checked functions.config() {\"config\":{}}"}}
[debug] [2020-12-17T00:24:57.847Z] [runtime-status] [14976] firebase-functions has been stubbed. {"functionsResolution":{"declared":true,"installed":true,"version":"3.13.0","resolution":"C:\\Users\\ELIJAH EDUN\\Desktop\\Amazon Clone\\amazon-clone\\functions\\node_modules\\firebase-functions\\lib\\index.js"}} {"metadata":{"emulator":{"name":"functions"},"function":{"name":"api"},"message":"[runtime-status] [14976] firebase-functions has been stubbed. {\"functionsResolution\":{\"declared\":true,\"installed\":true,\"version\":\"3.13.0\",\"resolution\":\"C:\\\\Users\\\\ELIJAH EDUN\\\\Desktop\\\\Amazon Clone\\\\amazon-clone\\\\functions\\\\node_modules\\\\firebase-functions\\\\lib\\\\index.js\"}}"}}
[debug] [2020-12-17T00:24:57.847Z] [runtime-status] [14976] Resolved module firebase-functions {"declared":true,"installed":true,"version":"3.13.0","resolution":"C:\\Users\\ELIJAH EDUN\\Desktop\\Amazon Clone\\amazon-clone\\functions\\node_modules\\firebase-functions\\lib\\index.js"} {"metadata":{"emulator":{"name":"functions"},"function":{"name":"api"},"message":"[runtime-status] [14976] Resolved module firebase-functions {\"declared\":true,\"installed\":true,\"version\":\"3.13.0\",\"resolution\":\"C:\\\\Users\\\\ELIJAH EDUN\\\\Desktop\\\\Amazon Clone\\\\amazon-clone\\\\functions\\\\node_modules\\\\firebase-functions\\\\lib\\\\index.js\"}"}}
[debug] [2020-12-17T00:24:57.849Z] [runtime-status] [14976] Resolved module firebase-admin {"declared":true,"installed":true,"version":"9.4.1","resolution":"C:\\Users\\ELIJAH EDUN\\Desktop\\Amazon Clone\\amazon-clone\\functions\\node_modules\\firebase-admin\\lib\\index.js"} {"metadata":{"emulator":{"name":"functions"},"function":{"name":"api"},"message":"[runtime-status] [14976] Resolved module firebase-admin {\"declared\":true,\"installed\":true,\"version\":\"9.4.1\",\"resolution\":\"C:\\\\Users\\\\ELIJAH EDUN\\\\Desktop\\\\Amazon Clone\\\\amazon-clone\\\\functions\\\\node_modules\\\\firebase-admin\\\\lib\\\\index.js\"}"}}
[debug] [2020-12-17T00:24:57.850Z] [runtime-status] [14976] Resolved module firebase-functions {"declared":true,"installed":true,"version":"3.13.0","resolution":"C:\\Users\\ELIJAH EDUN\\Desktop\\Amazon Clone\\amazon-clone\\functions\\node_modules\\firebase-functions\\lib\\index.js"} {"metadata":{"emulator":{"name":"functions"},"function":{"name":"api"},"message":"[runtime-status] [14976] Resolved module firebase-functions {\"declared\":true,\"installed\":true,\"version\":\"3.13.0\",\"resolution\":\"C:\\\\Users\\\\ELIJAH EDUN\\\\Desktop\\\\Amazon Clone\\\\amazon-clone\\\\functions\\\\node_modules\\\\firebase-functions\\\\lib\\\\index.js\"}"}}
[debug] [2020-12-17T00:24:57.850Z] [runtime-status] [14976] firebase-admin has been stubbed. {"adminResolution":{"declared":true,"installed":true,"version":"9.4.1","resolution":"C:\\Users\\ELIJAH EDUN\\Desktop\\Amazon Clone\\amazon-clone\\functions\\node_modules\\firebase-admin\\lib\\index.js"}} {"metadata":{"emulator":{"name":"functions"},"function":{"name":"api"},"message":"[runtime-status] [14976] firebase-admin has been stubbed. {\"adminResolution\":{\"declared\":true,\"installed\":true,\"version\":\"9.4.1\",\"resolution\":\"C:\\\\Users\\\\ELIJAH EDUN\\\\Desktop\\\\Amazon Clone\\\\amazon-clone\\\\functions\\\\node_modules\\\\firebase-admin\\\\lib\\\\index.js\"}}"}}
[debug] [2020-12-17T00:24:58.096Z] [runtime-status] [14976] Trigger "api" has been found, beginning invocation! {"metadata":{"emulator":{"name":"functions"},"function":{"name":"api"},"message":"[runtime-status] [14976] Trigger \"api\" has been found, beginning invocation!"}}
[info] i  functions: Beginning execution of "api" {"metadata":{"emulator":{"name":"functions"},"function":{"name":"api"},"message":"Beginning execution of \"api\""}}
[debug] [2020-12-17T00:24:58.098Z] [runtime-status] [14976] triggerDefinition {"httpsTrigger":{},"name":"api","entryPoint":"api"} {"metadata":{"emulator":{"name":"functions"},"function":{"name":"api"},"message":"[runtime-status] [14976] triggerDefinition {\"httpsTrigger\":{},\"name\":\"api\",\"entryPoint\":\"api\"}"}}
[debug] [2020-12-17T00:24:58.098Z] [runtime-status] [14976] Running api in mode HTTPS {"metadata":{"emulator":{"name":"functions"},"function":{"name":"api"},"message":"[runtime-status] [14976] Running api in mode HTTPS"}}
[debug] [2020-12-17T00:24:58.104Z] [runtime-status] [14976] Attempting to listen to socketPath: \\?\pipe\C:\Users\ELIJAH EDUN\Desktop\Amazon Clone\amazon-clone\functions\14976 {"metadata":{"emulator":{"name":"functions"},"function":{"name":"api"},"message":"[runtime-status] [14976] Attempting to listen to socketPath: \\\\?\\pipe\\C:\\Users\\ELIJAH EDUN\\Desktop\\Amazon Clone\\amazon-clone\\functions\\14976"}}
[debug] [2020-12-17T00:24:58.108Z] [functions] Runtime ready! Sending request! {"metadata":{"emulator":{"name":"functions"},"message":"[functions] Runtime ready! Sending request!"}}
[debug] [2020-12-17T00:24:58.124Z] [runtime-status] [14976] Ephemeral server handling GET request {"metadata":{"emulator":{"name":"functions"},"function":{"name":"api"},"message":"[runtime-status] [14976] Ephemeral server handling GET request"}}
[debug] [2020-12-17T00:24:58.139Z] [runtime-status] [14976] Ephemeral server survived. {"metadata":{"emulator":{"name":"functions"},"function":{"name":"api"},"message":"[runtime-status] [14976] Ephemeral server survived."}}
[info] i  functions: Finished "api" in ~1s {"metadata":{"emulator":{"name":"functions"},"function":{"name":"api"},"message":"Finished \"api\" in ~1s"}}
[debug] [2020-12-17T00:24:58.151Z] [worker-api-255cc58c-4b68-4dbd-bdfd-ca7e4f4763eb]: IDLE {"metadata":{"emulator":{"name":"functions"},"message":"[worker-api-255cc58c-4b68-4dbd-bdfd-ca7e4f4763eb]: IDLE"}}
[debug] [2020-12-17T00:24:58.151Z] [work-queue] {"queueLength":0,"workRunningCount":0}
[debug] [2020-12-17T18:22:37.938Z] [work-queue] {"queueLength":1,"workRunningCount":0}
[debug] [2020-12-17T18:22:38.052Z] [work-queue] {"queueLength":0,"workRunningCount":1}
[debug] [2020-12-17T18:22:38.052Z] Accepted request GET /clone-d223e/us-central1/api --> api
[debug] [2020-12-17T18:22:38.149Z] [worker-pool] submitWork(triggerId=api) {"metadata":{"emulator":{"name":"functions"},"message":"[worker-pool] submitWork(triggerId=api)"}}
[debug] [2020-12-17T18:22:38.149Z] [worker-api-255cc58c-4b68-4dbd-bdfd-ca7e4f4763eb]: Assigning socketPath: \\?\pipe\C:\Users\ELIJAH EDUN\Desktop\Amazon Clone\amazon-clone\functions\14976 {"metadata":{"emulator":{"name":"functions"},"message":"[worker-api-255cc58c-4b68-4dbd-bdfd-ca7e4f4763eb]: Assigning socketPath: \\\\?\\pipe\\C:\\Users\\ELIJAH EDUN\\Desktop\\Amazon Clone\\amazon-clone\\functions\\14976"}}
[debug] [2020-12-17T18:22:38.150Z] [worker-api-255cc58c-4b68-4dbd-bdfd-ca7e4f4763eb]: BUSY {"metadata":{"emulator":{"name":"functions"},"message":"[worker-api-255cc58c-4b68-4dbd-bdfd-ca7e4f4763eb]: BUSY"}}
[debug] [2020-12-17T18:22:39.450Z] [runtime-status] [14976] Trigger "api" has been found, beginning invocation! {"metadata":{"emulator":{"name":"functions"},"function":{"name":"api"},"message":"[runtime-status] [14976] Trigger \"api\" has been found, beginning invocation!"}}
[info] i  functions: Beginning execution of "api" {"metadata":{"emulator":{"name":"functions"},"function":{"name":"api"},"message":"Beginning execution of \"api\""}}
[debug] [2020-12-17T18:22:39.946Z] [runtime-status] [14976] triggerDefinition {"httpsTrigger":{},"name":"api","entryPoint":"api"} {"metadata":{"emulator":{"name":"functions"},"function":{"name":"api"},"message":"[runtime-status] [14976] triggerDefinition {\"httpsTrigger\":{},\"name\":\"api\",\"entryPoint\":\"api\"}"}}
[debug] [2020-12-17T18:22:39.947Z] [runtime-status] [14976] Running api in mode HTTPS {"metadata":{"emulator":{"name":"functions"},"function":{"name":"api"},"message":"[runtime-status] [14976] Running api in mode HTTPS"}}
[debug] [2020-12-17T18:22:39.947Z] [runtime-status] [14976] Attempting to listen to socketPath: \\?\pipe\C:\Users\ELIJAH EDUN\Desktop\Amazon Clone\amazon-clone\functions\14976 {"metadata":{"emulator":{"name":"functions"},"function":{"name":"api"},"message":"[runtime-status] [14976] Attempting to listen to socketPath: \\\\?\\pipe\\C:\\Users\\ELIJAH EDUN\\Desktop\\Amazon Clone\\amazon-clone\\functions\\14976"}}
[debug] [2020-12-17T18:22:41.009Z] [functions] Runtime ready! Sending request! {"metadata":{"emulator":{"name":"functions"},"message":"[functions] Runtime ready! Sending request!"}}
[debug] [2020-12-17T18:22:43.382Z] [runtime-status] [14976] Ephemeral server handling GET request {"metadata":{"emulator":{"name":"functions"},"function":{"name":"api"},"message":"[runtime-status] [14976] Ephemeral server handling GET request"}}
[debug] [2020-12-17T18:22:43.625Z] [runtime-status] [14976] Ephemeral server survived. {"metadata":{"emulator":{"name":"functions"},"function":{"name":"api"},"message":"[runtime-status] [14976] Ephemeral server survived."}}
[info] i  functions: Finished "api" in ~4s {"metadata":{"emulator":{"name":"functions"},"function":{"name":"api"},"message":"Finished \"api\" in ~4s"}}
[debug] [2020-12-17T18:22:43.630Z] [worker-api-255cc58c-4b68-4dbd-bdfd-ca7e4f4763eb]: IDLE {"metadata":{"emulator":{"name":"functions"},"message":"[worker-api-255cc58c-4b68-4dbd-bdfd-ca7e4f4763eb]: IDLE"}}
[debug] [2020-12-17T18:22:43.631Z] [work-queue] {"queueLength":0,"workRunningCount":0}
